<?xml version="1.0" encoding="UTF-8"?>
<!-- Generated by org.testng.reporters.JUnitXMLReporter -->
<testsuite ignored="0" hostname="LAPTOP-631VRCAJ" failures="0" tests="5" name="Test" time="50.706" errors="0" timestamp="2023-03-13T00:05:31 IST">
  <testcase classname="org.demoqa.test.DemoqaFrameTest" name="childParentFrameTest" time="0.129"/>
  <testcase classname="org.demoqa.test.NewBrowserWindowTest" name="childParentFrameTest" time="0.559"/>
  <testcase classname="org.demoqa.test.DemoqaDragDropTest" name="childParentFrameTest" time="0.608"/>
  <testcase classname="org.demoqa.test.DemoqaAlertTest" name="childParentFrameTest" time="5.511"/>
  <testcase classname="org.flipkart.test.FlipkartTestOne" name="runAutomation" time="10.711"/>
</testsuite> <!-- Test -->
